{"database":"chamasmart","environment":"development","host":"localhost","level":"info","maxConnections":20,"message":"PostgreSQL connected successfully","service":"chamasmart-api","timestamp":"2026-01-08T10:33:48.771Z"}
{"environment":"development","level":"info","message":"Starting database migration: 008_table_banking_module","service":"chamasmart-api","timestamp":"2026-01-08T10:33:58.320Z"}
{"database":"chamasmart","environment":"development","host":"localhost","level":"info","maxConnections":20,"message":"PostgreSQL connected successfully","service":"chamasmart-api","timestamp":"2026-01-08T10:33:58.786Z"}
{"duration":"3587ms","environment":"development","level":"warn","message":"Slow database query detected","query":"-- 008_table_banking_module.sql\r\n--\r\n-- Introduces richer Table Banking support:\r\n--  - Extends loans table with additional lifecycle/status and balances\r\n--  - Adds loan_guarantors table\r\n--  - Adds ","service":"chamasmart-api","timestamp":"2026-01-08T10:34:01.974Z"}
{"environment":"development","level":"info","message":"Starting database migration: 007_performance_optimization","service":"chamasmart-api","timestamp":"2026-01-08T10:34:06.285Z"}
{"database":"chamasmart","environment":"development","host":"localhost","level":"info","maxConnections":20,"message":"PostgreSQL connected successfully","service":"chamasmart-api","timestamp":"2026-01-08T10:34:07.409Z"}
{"duration":"9486ms","environment":"development","level":"warn","message":"Slow database query detected","query":"-- ChamaSmart Phase 2: Advanced Performance Indexes\r\n-- This migration adds composite indexes, partial indexes, and optimizations\r\n-- for handling billions of records with sub-100ms response times\r\n\r\n","service":"chamasmart-api","timestamp":"2026-01-08T10:34:15.778Z"}
{"environment":"development","level":"info","message":"Starting database migration: 010_welfare_module","service":"chamasmart-api","timestamp":"2026-01-08T10:34:17.234Z"}
{"environment":"development","error":"trigger \"update_welfare_config_modtime\" for relation \"welfare_config\" already exists","level":"error","message":"Database query error","query":"-- 010_welfare_module.sql\r\n-- Migration for Welfare Module\r\n-- This migration creates all necessary tables for the Welfare Module\r\n\r\n-- Create welfare_config table\r\nCREATE TABLE IF NOT EXISTS welfare_","service":"chamasmart-api","timestamp":"2026-01-08T10:34:17.637Z"}
{"database":"chamasmart","environment":"development","host":"localhost","level":"info","maxConnections":20,"message":"PostgreSQL connected successfully","service":"chamasmart-api","timestamp":"2026-01-08T10:36:14.634Z"}
{"environment":"development","level":"warn","message":"Redis connection failed multiple times. Disabling distributed rate limiting.","service":"chamasmart-api","timestamp":"2026-01-08T10:36:14.891Z"}
{"database":"chamasmart","environment":"development","host":"localhost","level":"info","maxConnections":20,"message":"PostgreSQL connected successfully","service":"chamasmart-api","timestamp":"2026-01-08T10:45:42.504Z"}
{"environment":"development","level":"warn","message":"Redis connection failed multiple times. Disabling distributed rate limiting.","service":"chamasmart-api","timestamp":"2026-01-08T10:45:42.752Z"}
{"database":"chamasmart","environment":"development","host":"localhost","level":"info","maxConnections":20,"message":"PostgreSQL connected successfully","service":"chamasmart-api","timestamp":"2026-01-08T10:46:44.884Z"}
{"environment":"development","level":"warn","message":"Redis connection failed multiple times. Disabling distributed rate limiting.","service":"chamasmart-api","timestamp":"2026-01-08T10:46:45.045Z"}
{"environment":"development","level":"warn","message":"Redis connection failed multiple times. Disabling distributed rate limiting.","service":"chamasmart-api","timestamp":"2026-01-08T10:47:05.422Z"}
{"database":"chamasmart","environment":"development","host":"localhost","level":"info","maxConnections":20,"message":"PostgreSQL connected successfully","service":"chamasmart-api","timestamp":"2026-01-08T10:47:05.434Z"}
{"database":"chamasmart","environment":"development","host":"localhost","level":"info","maxConnections":20,"message":"PostgreSQL connected successfully","service":"chamasmart-api","timestamp":"2026-01-08T10:47:41.261Z"}
{"environment":"development","level":"warn","message":"Redis connection failed multiple times. Disabling distributed rate limiting.","service":"chamasmart-api","timestamp":"2026-01-08T10:47:41.506Z"}
{"database":"chamasmart","environment":"development","host":"localhost","level":"info","maxConnections":20,"message":"PostgreSQL connected successfully","service":"chamasmart-api","timestamp":"2026-01-08T10:48:02.274Z"}
{"environment":"development","level":"warn","message":"Redis connection failed multiple times. Disabling distributed rate limiting.","service":"chamasmart-api","timestamp":"2026-01-08T10:48:02.535Z"}
{"database":"chamasmart","environment":"development","host":"localhost","level":"info","maxConnections":20,"message":"PostgreSQL connected successfully","service":"chamasmart-api","timestamp":"2026-01-08T10:48:35.913Z"}
{"environment":"development","level":"warn","message":"Redis connection failed multiple times. Disabling distributed rate limiting.","service":"chamasmart-api","timestamp":"2026-01-08T10:48:36.184Z"}
{"database":"chamasmart","environment":"development","host":"localhost","level":"info","maxConnections":20,"message":"PostgreSQL connected successfully","service":"chamasmart-api","timestamp":"2026-01-08T10:49:18.289Z"}
{"environment":"development","level":"warn","message":"Redis connection failed multiple times. Disabling distributed rate limiting.","service":"chamasmart-api","timestamp":"2026-01-08T10:49:18.536Z"}
{"environment":"development","level":"warn","message":"Redis connection failed multiple times. Disabling distributed rate limiting.","service":"chamasmart-api","timestamp":"2026-01-08T10:49:38.487Z"}
{"database":"chamasmart","environment":"development","host":"localhost","level":"info","maxConnections":20,"message":"PostgreSQL connected successfully","service":"chamasmart-api","timestamp":"2026-01-08T10:49:38.502Z"}
{"database":"chamasmart","environment":"development","host":"localhost","level":"info","maxConnections":20,"message":"PostgreSQL connected successfully","service":"chamasmart-api","timestamp":"2026-01-08T10:50:13.673Z"}
{"environment":"development","level":"warn","message":"Redis connection failed multiple times. Disabling distributed rate limiting.","service":"chamasmart-api","timestamp":"2026-01-08T10:50:13.858Z"}
{"database":"chamasmart","environment":"development","host":"localhost","level":"info","maxConnections":20,"message":"PostgreSQL connected successfully","service":"chamasmart-api","timestamp":"2026-01-08T10:51:21.397Z"}
{"environment":"development","level":"warn","message":"Redis connection failed multiple times. Disabling distributed rate limiting.","service":"chamasmart-api","timestamp":"2026-01-08T10:51:21.630Z"}
{"database":"chamasmart","environment":"development","host":"localhost","level":"info","maxConnections":20,"message":"PostgreSQL connected successfully","service":"chamasmart-api","timestamp":"2026-01-08T10:51:49.332Z"}
{"environment":"development","level":"warn","message":"Redis connection failed multiple times. Disabling distributed rate limiting.","service":"chamasmart-api","timestamp":"2026-01-08T10:51:49.454Z"}
{"database":"chamasmart","environment":"development","host":"localhost","level":"info","maxConnections":20,"message":"PostgreSQL connected successfully","service":"chamasmart-api","timestamp":"2026-01-08T10:52:00.237Z"}
{"environment":"development","level":"warn","message":"Redis connection failed multiple times. Disabling distributed rate limiting.","service":"chamasmart-api","timestamp":"2026-01-08T10:52:00.355Z"}
{"database":"chamasmart","environment":"development","host":"localhost","level":"info","maxConnections":20,"message":"PostgreSQL connected successfully","service":"chamasmart-api","timestamp":"2026-01-08T10:52:29.277Z"}
{"environment":"development","level":"warn","message":"Redis connection failed multiple times. Disabling distributed rate limiting.","service":"chamasmart-api","timestamp":"2026-01-08T10:52:29.536Z"}
{"database":"chamasmart","environment":"development","host":"localhost","level":"info","maxConnections":20,"message":"PostgreSQL connected successfully","service":"chamasmart-api","timestamp":"2026-01-08T10:54:55.851Z"}
{"environment":"development","level":"warn","message":"Redis connection failed multiple times. Disabling distributed rate limiting.","service":"chamasmart-api","timestamp":"2026-01-08T10:54:56.037Z"}
{"database":"chamasmart","environment":"development","host":"localhost","level":"info","maxConnections":20,"message":"PostgreSQL connected successfully","service":"chamasmart-api","timestamp":"2026-01-08T10:55:56.271Z"}
{"environment":"development","level":"warn","message":"Redis connection failed multiple times. Disabling distributed rate limiting.","service":"chamasmart-api","timestamp":"2026-01-08T10:55:56.528Z"}
{"database":"chamasmart","environment":"development","host":"localhost","level":"info","maxConnections":20,"message":"PostgreSQL connected successfully","service":"chamasmart-api","timestamp":"2026-01-08T10:56:45.278Z"}
{"environment":"development","level":"warn","message":"Redis connection failed multiple times. Disabling distributed rate limiting.","service":"chamasmart-api","timestamp":"2026-01-08T10:56:45.528Z"}
{"database":"chamasmart","environment":"development","host":"localhost","level":"info","maxConnections":20,"message":"PostgreSQL connected successfully","service":"chamasmart-api","timestamp":"2026-01-08T10:57:50.466Z"}
{"environment":"development","level":"warn","message":"Redis connection failed multiple times. Disabling distributed rate limiting.","service":"chamasmart-api","timestamp":"2026-01-08T10:57:50.651Z"}
{"database":"chamasmart","environment":"development","host":"localhost","level":"info","maxConnections":20,"message":"PostgreSQL connected successfully","service":"chamasmart-api","timestamp":"2026-01-08T10:58:57.098Z"}
{"database":"chamasmart","environment":"development","host":"localhost","level":"info","maxConnections":20,"message":"PostgreSQL connected successfully","service":"chamasmart-api","timestamp":"2026-01-08T10:59:36.325Z"}
{"environment":"development","level":"warn","message":"Redis connection failed multiple times. Disabling distributed rate limiting.","service":"chamasmart-api","timestamp":"2026-01-08T10:59:36.581Z"}
{"database":"chamasmart","environment":"development","host":"localhost","level":"info","maxConnections":20,"message":"PostgreSQL connected successfully","service":"chamasmart-api","timestamp":"2026-01-08T10:59:52.465Z"}
{"environment":"development","level":"warn","message":"Redis connection failed multiple times. Disabling distributed rate limiting.","service":"chamasmart-api","timestamp":"2026-01-08T10:59:52.593Z"}
{"database":"chamasmart","environment":"development","host":"localhost","level":"info","maxConnections":20,"message":"PostgreSQL connected successfully","service":"chamasmart-api","timestamp":"2026-01-08T11:00:01.721Z"}
{"environment":"development","level":"warn","message":"Redis connection failed multiple times. Disabling distributed rate limiting.","service":"chamasmart-api","timestamp":"2026-01-08T11:00:01.786Z"}
{"database":"chamasmart","environment":"development","host":"localhost","level":"info","maxConnections":20,"message":"PostgreSQL connected successfully","service":"chamasmart-api","timestamp":"2026-01-08T11:00:53.104Z"}
{"environment":"development","level":"warn","message":"Redis connection failed multiple times. Disabling distributed rate limiting.","service":"chamasmart-api","timestamp":"2026-01-08T11:00:53.301Z"}
{"database":"chamasmart","environment":"development","host":"localhost","level":"info","maxConnections":20,"message":"PostgreSQL connected successfully","service":"chamasmart-api","timestamp":"2026-01-08T11:01:24.299Z"}
{"environment":"development","level":"warn","message":"Redis connection failed multiple times. Disabling distributed rate limiting.","service":"chamasmart-api","timestamp":"2026-01-08T11:01:24.544Z"}
{"database":"chamasmart","environment":"development","host":"localhost","level":"info","maxConnections":20,"message":"PostgreSQL connected successfully","service":"chamasmart-api","timestamp":"2026-01-08T11:01:37.186Z"}
{"environment":"development","level":"warn","message":"Redis connection failed multiple times. Disabling distributed rate limiting.","service":"chamasmart-api","timestamp":"2026-01-08T11:01:37.362Z"}
{"database":"chamasmart","environment":"development","host":"localhost","level":"info","maxConnections":20,"message":"PostgreSQL connected successfully","service":"chamasmart-api","timestamp":"2026-01-08T11:02:27.661Z"}
{"environment":"development","level":"warn","message":"Redis connection failed multiple times. Disabling distributed rate limiting.","service":"chamasmart-api","timestamp":"2026-01-08T11:02:27.893Z"}
{"environment":"development","level":"warn","message":"Redis connection failed multiple times. Disabling distributed rate limiting.","service":"chamasmart-api","timestamp":"2026-01-08T11:03:55.110Z"}
{"database":"chamasmart","environment":"development","host":"localhost","level":"info","maxConnections":20,"message":"PostgreSQL connected successfully","service":"chamasmart-api","timestamp":"2026-01-08T11:03:55.542Z"}
{"database":"chamasmart","environment":"development","host":"localhost","level":"info","maxConnections":20,"message":"PostgreSQL connected successfully","service":"chamasmart-api","timestamp":"2026-01-08T11:08:13.363Z"}
{"environment":"development","level":"warn","message":"Redis connection failed multiple times. Disabling distributed rate limiting.","service":"chamasmart-api","timestamp":"2026-01-08T11:08:13.449Z"}
{"environment":"development","level":"warn","message":"Redis connection failed multiple times. Disabling distributed rate limiting.","service":"chamasmart-api","timestamp":"2026-01-08T11:08:36.446Z"}
{"database":"chamasmart","environment":"development","host":"localhost","level":"info","maxConnections":20,"message":"PostgreSQL connected successfully","service":"chamasmart-api","timestamp":"2026-01-08T11:08:36.458Z"}
{"database":"chamasmart","environment":"development","host":"localhost","level":"info","maxConnections":20,"message":"PostgreSQL connected successfully","service":"chamasmart-api","timestamp":"2026-01-08T11:09:52.648Z"}
{"environment":"development","level":"warn","message":"Redis connection failed multiple times. Disabling distributed rate limiting.","service":"chamasmart-api","timestamp":"2026-01-08T11:09:52.806Z"}
{"environment":"development","level":"info","message":"Server running in development mode on port 5000","service":"chamasmart-api","timestamp":"2026-01-08T11:12:10.270Z"}
{"environment":"development","level":"info","message":"API URL: http://localhost:5000","service":"chamasmart-api","timestamp":"2026-01-08T11:12:10.276Z"}
{"database":"chamasmart","environment":"development","host":"localhost","level":"info","maxConnections":20,"message":"PostgreSQL connected successfully","service":"chamasmart-api","timestamp":"2026-01-08T11:12:10.539Z"}
{"environment":"development","level":"warn","message":"Redis connection failed multiple times. Disabling distributed rate limiting.","service":"chamasmart-api","timestamp":"2026-01-08T11:12:10.840Z"}
{"environment":"development","level":"info","message":"Server running in development mode on port 5000","service":"chamasmart-api","timestamp":"2026-01-08T11:12:26.532Z"}
{"environment":"development","level":"info","message":"API URL: http://localhost:5000","service":"chamasmart-api","timestamp":"2026-01-08T11:12:26.537Z"}
{"database":"chamasmart","environment":"development","host":"localhost","level":"info","maxConnections":20,"message":"PostgreSQL connected successfully","service":"chamasmart-api","timestamp":"2026-01-08T11:12:26.638Z"}
{"environment":"development","level":"warn","message":"Redis connection failed multiple times. Disabling distributed rate limiting.","service":"chamasmart-api","timestamp":"2026-01-08T11:12:26.874Z"}
{"environment":"development","level":"info","message":"Server running in development mode on port 5000","service":"chamasmart-api","timestamp":"2026-01-08T11:13:22.892Z"}
{"environment":"development","level":"info","message":"API URL: http://localhost:5000","service":"chamasmart-api","timestamp":"2026-01-08T11:13:22.904Z"}
{"database":"chamasmart","environment":"development","host":"localhost","level":"info","maxConnections":20,"message":"PostgreSQL connected successfully","service":"chamasmart-api","timestamp":"2026-01-08T11:13:23.054Z"}
{"environment":"development","level":"warn","message":"Redis connection failed multiple times. Disabling distributed rate limiting.","service":"chamasmart-api","timestamp":"2026-01-08T11:13:23.260Z"}
{"database":"chamasmart","environment":"development","host":"localhost","level":"info","maxConnections":20,"message":"PostgreSQL connected successfully","service":"chamasmart-api","timestamp":"2026-01-08T11:14:42.676Z"}
{"environment":"development","level":"warn","message":"Redis connection failed multiple times. Disabling distributed rate limiting.","service":"chamasmart-api","timestamp":"2026-01-08T11:14:42.937Z"}
{"environment":"development","level":"info","message":"Server running in development mode on port 5000","service":"chamasmart-api","timestamp":"2026-01-08T11:16:49.567Z"}
{"environment":"development","level":"info","message":"API URL: http://localhost:5000","service":"chamasmart-api","timestamp":"2026-01-08T11:16:49.571Z"}
{"database":"chamasmart","environment":"development","host":"localhost","level":"info","maxConnections":20,"message":"PostgreSQL connected successfully","service":"chamasmart-api","timestamp":"2026-01-08T11:16:49.663Z"}
{"environment":"development","level":"warn","message":"Redis connection failed multiple times. Disabling distributed rate limiting.","service":"chamasmart-api","timestamp":"2026-01-08T11:16:49.904Z"}
{"environment":"development","level":"info","message":"Server running in development mode on port 5000","service":"chamasmart-api","timestamp":"2026-01-08T11:17:38.754Z"}
{"environment":"development","level":"info","message":"API URL: http://localhost:5000","service":"chamasmart-api","timestamp":"2026-01-08T11:17:38.758Z"}
{"database":"chamasmart","environment":"development","host":"localhost","level":"info","maxConnections":20,"message":"PostgreSQL connected successfully","service":"chamasmart-api","timestamp":"2026-01-08T11:17:38.966Z"}
{"environment":"development","level":"warn","message":"Redis connection failed multiple times. Disabling distributed rate limiting.","service":"chamasmart-api","timestamp":"2026-01-08T11:17:39.098Z"}
{"environment":"development","level":"info","message":"Server running in development mode on port 5000","service":"chamasmart-api","timestamp":"2026-01-08T11:17:55.995Z"}
{"environment":"development","level":"info","message":"API URL: http://localhost:5000","service":"chamasmart-api","timestamp":"2026-01-08T11:17:55.999Z"}
{"database":"chamasmart","environment":"development","host":"localhost","level":"info","maxConnections":20,"message":"PostgreSQL connected successfully","service":"chamasmart-api","timestamp":"2026-01-08T11:17:56.100Z"}
{"environment":"development","level":"warn","message":"Redis connection failed multiple times. Disabling distributed rate limiting.","service":"chamasmart-api","timestamp":"2026-01-08T11:17:56.334Z"}
{"environment":"development","level":"info","message":"Server running in development mode on port 5000","service":"chamasmart-api","timestamp":"2026-01-08T11:39:32.344Z"}
{"environment":"development","level":"info","message":"API URL: http://localhost:5000","service":"chamasmart-api","timestamp":"2026-01-08T11:39:32.347Z"}
{"database":"chamasmart","environment":"development","host":"localhost","level":"info","maxConnections":20,"message":"PostgreSQL connected successfully","service":"chamasmart-api","timestamp":"2026-01-08T11:39:32.807Z"}
{"environment":"development","level":"info","message":"Server running in development mode on port 5000","service":"chamasmart-api","timestamp":"2026-01-08T11:56:36.535Z"}
{"environment":"development","level":"info","message":"API URL: http://localhost:5000","service":"chamasmart-api","timestamp":"2026-01-08T11:56:36.538Z"}
{"database":"chamasmart","environment":"development","host":"localhost","level":"info","maxConnections":20,"message":"PostgreSQL connected successfully","service":"chamasmart-api","timestamp":"2026-01-08T11:56:36.635Z"}
{"environment":"development","level":"info","message":"Server running in development mode on port 5000","service":"chamasmart-api","timestamp":"2026-01-08T11:58:17.401Z"}
{"environment":"development","level":"info","message":"API URL: http://localhost:5000","service":"chamasmart-api","timestamp":"2026-01-08T11:58:17.406Z"}
{"database":"chamasmart","environment":"development","host":"localhost","level":"info","maxConnections":20,"message":"PostgreSQL connected successfully","service":"chamasmart-api","timestamp":"2026-01-08T11:58:17.521Z"}
{"environment":"development","level":"info","message":"Server running in development mode on port 5000","service":"chamasmart-api","timestamp":"2026-01-08T12:09:47.767Z"}
{"environment":"development","level":"info","message":"API URL: http://localhost:5000","service":"chamasmart-api","timestamp":"2026-01-08T12:09:47.774Z"}
{"database":"chamasmart","environment":"development","host":"localhost","level":"info","maxConnections":20,"message":"PostgreSQL connected successfully","service":"chamasmart-api","timestamp":"2026-01-08T12:09:48.100Z"}
{"environment":"development","level":"warn","message":"Redis connection failed multiple times. Disabling distributed rate limiting.","service":"chamasmart-api","timestamp":"2026-01-08T12:09:48.150Z"}
{"database":"chamasmart","environment":"development","host":"localhost","level":"info","maxConnections":20,"message":"PostgreSQL connected successfully","service":"chamasmart-api","timestamp":"2026-01-08T12:32:59.107Z"}
{"environment":"development","level":"warn","message":"Redis connection failed multiple times. Disabling distributed rate limiting.","service":"chamasmart-api","timestamp":"2026-01-08T12:32:59.188Z"}
{"database":"chamasmart","environment":"development","host":"localhost","level":"info","maxConnections":20,"message":"PostgreSQL connected successfully","service":"chamasmart-api","timestamp":"2026-01-08T13:59:06.978Z"}
{"environment":"development","level":"info","message":"Starting database migration: 008_table_banking_module","service":"chamasmart-api","timestamp":"2026-01-08T13:59:10.748Z"}
{"database":"chamasmart","environment":"development","host":"localhost","level":"info","maxConnections":20,"message":"PostgreSQL connected successfully","service":"chamasmart-api","timestamp":"2026-01-08T13:59:10.918Z"}
{"environment":"development","level":"info","message":"Migration 008_table_banking_module completed successfully","service":"chamasmart-api","timestamp":"2026-01-08T13:59:11.399Z"}
{"environment":"development","level":"info","message":"Starting database migration: 007_performance_optimization","service":"chamasmart-api","timestamp":"2026-01-08T13:59:12.691Z"}
{"database":"chamasmart","environment":"development","host":"localhost","level":"info","maxConnections":20,"message":"PostgreSQL connected successfully","service":"chamasmart-api","timestamp":"2026-01-08T13:59:12.813Z"}
{"duration":"1554ms","environment":"development","level":"warn","message":"Slow database query detected","query":"-- ChamaSmart Phase 2: Advanced Performance Indexes\r\n-- This migration adds composite indexes, partial indexes, and optimizations\r\n-- for handling billions of records with sub-100ms response times\r\n\r\n","service":"chamasmart-api","timestamp":"2026-01-08T13:59:14.262Z"}
{"environment":"development","level":"info","message":"Starting database migration: 010_welfare_module","service":"chamasmart-api","timestamp":"2026-01-08T13:59:15.445Z"}
{"database":"chamasmart","environment":"development","host":"localhost","level":"info","maxConnections":20,"message":"PostgreSQL connected successfully","service":"chamasmart-api","timestamp":"2026-01-08T13:59:15.570Z"}
{"environment":"development","error":"trigger \"update_welfare_config_modtime\" for relation \"welfare_config\" already exists","level":"error","message":"Database query error","query":"-- 010_welfare_module.sql\r\n-- Migration for Welfare Module\r\n-- This migration creates all necessary tables for the Welfare Module\r\n\r\n-- Create welfare_config table\r\nCREATE TABLE IF NOT EXISTS welfare_","service":"chamasmart-api","timestamp":"2026-01-08T13:59:15.783Z"}
{"database":"chamasmart","environment":"development","host":"localhost","level":"info","maxConnections":20,"message":"PostgreSQL connected successfully","service":"chamasmart-api","timestamp":"2026-01-08T14:00:26.746Z"}
{"environment":"development","level":"warn","message":"Redis connection failed multiple times. Disabling distributed rate limiting.","service":"chamasmart-api","timestamp":"2026-01-08T14:00:27.003Z"}
{"database":"chamasmart","environment":"development","host":"localhost","level":"info","maxConnections":20,"message":"PostgreSQL connected successfully","service":"chamasmart-api","timestamp":"2026-01-08T14:01:59.195Z"}
{"environment":"development","level":"warn","message":"Redis connection failed multiple times. Disabling distributed rate limiting.","service":"chamasmart-api","timestamp":"2026-01-08T14:01:59.454Z"}
{"database":"chamasmart","environment":"development","host":"localhost","level":"info","maxConnections":20,"message":"PostgreSQL connected successfully","service":"chamasmart-api","timestamp":"2026-01-08T14:02:26.451Z"}
{"environment":"development","level":"warn","message":"Redis connection failed multiple times. Disabling distributed rate limiting.","service":"chamasmart-api","timestamp":"2026-01-08T14:02:26.696Z"}
{"database":"chamasmart","environment":"development","host":"localhost","level":"info","maxConnections":20,"message":"PostgreSQL connected successfully","service":"chamasmart-api","timestamp":"2026-01-08T14:02:41.967Z"}
{"environment":"development","level":"warn","message":"Redis connection failed multiple times. Disabling distributed rate limiting.","service":"chamasmart-api","timestamp":"2026-01-08T14:02:42.228Z"}
{"environment":"development","error":"password authentication failed for user \"lewis\"","level":"error","message":"Error connecting to PostgreSQL (will retry)","service":"chamasmart-api","timestamp":"2026-01-08T14:02:54.227Z"}
{"environment":"development","level":"warn","message":"Redis connection failed multiple times. Disabling distributed rate limiting.","service":"chamasmart-api","timestamp":"2026-01-08T14:02:54.451Z"}
{"database":"chamasmart","environment":"development","host":"localhost","level":"info","maxConnections":20,"message":"PostgreSQL connected successfully","service":"chamasmart-api","timestamp":"2026-01-08T14:03:25.679Z"}
{"environment":"development","level":"warn","message":"Redis connection failed multiple times. Disabling distributed rate limiting.","service":"chamasmart-api","timestamp":"2026-01-08T14:03:25.914Z"}
{"database":"chamasmart","environment":"development","host":"localhost","level":"info","maxConnections":20,"message":"PostgreSQL connected successfully","service":"chamasmart-api","timestamp":"2026-01-08T14:04:26.272Z"}
{"environment":"development","level":"warn","message":"Redis connection failed multiple times. Disabling distributed rate limiting.","service":"chamasmart-api","timestamp":"2026-01-08T14:04:26.538Z"}
{"database":"chamasmart","environment":"development","host":"localhost","level":"info","maxConnections":20,"message":"PostgreSQL connected successfully","service":"chamasmart-api","timestamp":"2026-01-08T14:08:18.045Z"}
{"environment":"development","level":"warn","message":"Redis connection failed multiple times. Disabling distributed rate limiting.","service":"chamasmart-api","timestamp":"2026-01-08T14:08:18.261Z"}
{"database":"chamasmart","environment":"development","host":"localhost","level":"info","maxConnections":20,"message":"PostgreSQL connected successfully","service":"chamasmart-api","timestamp":"2026-01-08T14:11:52.552Z"}
{"environment":"development","level":"warn","message":"Redis connection failed multiple times. Disabling distributed rate limiting.","service":"chamasmart-api","timestamp":"2026-01-08T14:11:52.755Z"}
{"database":"chamasmart","environment":"development","host":"localhost","level":"info","maxConnections":20,"message":"PostgreSQL connected successfully","service":"chamasmart-api","timestamp":"2026-01-08T14:12:51.159Z"}
{"environment":"development","level":"warn","message":"Redis connection failed multiple times. Disabling distributed rate limiting.","service":"chamasmart-api","timestamp":"2026-01-08T14:12:51.375Z"}
{"database":"chamasmart","environment":"development","host":"localhost","level":"info","maxConnections":20,"message":"PostgreSQL connected successfully","service":"chamasmart-api","timestamp":"2026-01-08T14:13:03.461Z"}
{"environment":"development","level":"warn","message":"Redis connection failed multiple times. Disabling distributed rate limiting.","service":"chamasmart-api","timestamp":"2026-01-08T14:13:03.685Z"}
{"database":"chamasmart","environment":"development","host":"localhost","level":"info","maxConnections":20,"message":"PostgreSQL connected successfully","service":"chamasmart-api","timestamp":"2026-01-08T14:13:17.687Z"}
{"environment":"development","level":"warn","message":"Redis connection failed multiple times. Disabling distributed rate limiting.","service":"chamasmart-api","timestamp":"2026-01-08T14:13:17.948Z"}
{"database":"chamasmart","environment":"development","host":"localhost","level":"info","maxConnections":20,"message":"PostgreSQL connected successfully","service":"chamasmart-api","timestamp":"2026-01-08T14:14:23.148Z"}
{"environment":"development","level":"warn","message":"Redis connection failed multiple times. Disabling distributed rate limiting.","service":"chamasmart-api","timestamp":"2026-01-08T14:14:23.409Z"}
{"database":"chamasmart","environment":"development","host":"localhost","level":"info","maxConnections":20,"message":"PostgreSQL connected successfully","service":"chamasmart-api","timestamp":"2026-01-08T14:15:00.161Z"}
{"environment":"development","level":"warn","message":"Redis connection failed multiple times. Disabling distributed rate limiting.","service":"chamasmart-api","timestamp":"2026-01-08T14:15:00.379Z"}
{"database":"chamasmart","environment":"development","host":"localhost","level":"info","maxConnections":20,"message":"PostgreSQL connected successfully","service":"chamasmart-api","timestamp":"2026-01-08T14:15:06.479Z"}
{"environment":"development","level":"warn","message":"Redis connection failed multiple times. Disabling distributed rate limiting.","service":"chamasmart-api","timestamp":"2026-01-08T14:15:06.725Z"}
{"environment":"development","error":"Missing parameter name at index 3: (.*); visit https://git.new/pathToRegexpError for info","level":"error","message":"WRAPPER ERROR:","service":"chamasmart-api","stack":"TypeError: Missing parameter name at index 3: (.*); visit https://git.new/pathToRegexpError for info\n    at name (C:\\Users\\lewis\\Desktop\\chamasmart\\backend\\node_modules\\path-to-regexp\\dist\\index.js:96:19)\n    at parse (C:\\Users\\lewis\\Desktop\\chamasmart\\backend\\node_modules\\path-to-regexp\\dist\\index.js:113:68)\n    at pathToRegexp (C:\\Users\\lewis\\Desktop\\chamasmart\\backend\\node_modules\\path-to-regexp\\dist\\index.js:267:58)\n    at Object.match (C:\\Users\\lewis\\Desktop\\chamasmart\\backend\\node_modules\\path-to-regexp\\dist\\index.js:237:30)\n    at matcher (C:\\Users\\lewis\\Desktop\\chamasmart\\backend\\node_modules\\router\\lib\\layer.js:86:23)\n    at new Layer (C:\\Users\\lewis\\Desktop\\chamasmart\\backend\\node_modules\\router\\lib\\layer.js:93:62)\n    at router.route (C:\\Users\\lewis\\Desktop\\chamasmart\\backend\\node_modules\\router\\index.js:428:17)\n    at app.route (C:\\Users\\lewis\\Desktop\\chamasmart\\backend\\node_modules\\express\\lib\\application.js:257:22)\n    at app.<computed> [as get] (C:\\Users\\lewis\\Desktop\\chamasmart\\backend\\node_modules\\express\\lib\\application.js:478:22)\n    at Object.<anonymous> (C:\\Users\\lewis\\Desktop\\chamasmart\\backend\\server.js:82:7)","timestamp":"2026-01-08T14:20:52.952Z"}
{"database":"chamasmart","environment":"development","host":"localhost","level":"info","maxConnections":20,"message":"PostgreSQL connected successfully","service":"chamasmart-api","timestamp":"2026-01-08T14:20:53.087Z"}
{"environment":"development","level":"warn","message":"Redis connection failed multiple times. Disabling distributed rate limiting.","service":"chamasmart-api","timestamp":"2026-01-08T14:20:53.289Z"}
{"database":"chamasmart","environment":"development","host":"localhost","level":"info","maxConnections":20,"message":"PostgreSQL connected successfully","service":"chamasmart-api","timestamp":"2026-01-08T14:22:23.498Z"}
{"database":"chamasmart","environment":"development","host":"localhost","level":"info","maxConnections":20,"message":"PostgreSQL connected successfully","service":"chamasmart-api","timestamp":"2026-01-08T14:24:47.333Z"}
{"environment":"development","level":"warn","message":"Redis connection failed multiple times. Disabling distributed rate limiting.","service":"chamasmart-api","timestamp":"2026-01-08T14:24:47.560Z"}
{"database":"chamasmart","environment":"development","host":"localhost","level":"info","maxConnections":20,"message":"PostgreSQL connected successfully","service":"chamasmart-api","timestamp":"2026-01-08T14:27:53.944Z"}
{"environment":"development","level":"warn","message":"Redis connection failed multiple times. Disabling distributed rate limiting.","service":"chamasmart-api","timestamp":"2026-01-08T14:27:54.143Z"}
{"database":"chamasmart","environment":"development","host":"localhost","level":"info","maxConnections":20,"message":"PostgreSQL connected successfully","service":"chamasmart-api","timestamp":"2026-01-08T14:30:28.821Z"}
{"environment":"development","level":"warn","message":"Redis connection failed multiple times. Disabling distributed rate limiting.","service":"chamasmart-api","timestamp":"2026-01-08T14:30:29.065Z"}
{"database":"chamasmart","environment":"development","host":"localhost","level":"info","maxConnections":20,"message":"PostgreSQL connected successfully","service":"chamasmart-api","timestamp":"2026-01-08T14:32:55.807Z"}
{"environment":"development","level":"warn","message":"Redis connection failed multiple times. Disabling distributed rate limiting.","service":"chamasmart-api","timestamp":"2026-01-08T14:32:56.052Z"}
{"environment":"development","error":"Connection terminated due to connection timeout","level":"error","message":"Error connecting to PostgreSQL (will retry)","service":"chamasmart-api","timestamp":"2026-01-08T14:45:01.962Z"}
{"environment":"development","level":"warn","message":"Redis connection failed multiple times. Disabling distributed rate limiting.","service":"chamasmart-api","timestamp":"2026-01-08T14:45:02.728Z"}
{"environment":"development","level":"warn","message":"Redis connection failed multiple times. Disabling distributed rate limiting.","service":"chamasmart-api","timestamp":"2026-01-08T14:46:19.589Z"}
{"environment":"development","level":"warn","message":"Redis connection failed multiple times. Disabling distributed rate limiting.","service":"chamasmart-api","timestamp":"2026-01-08T14:58:08.437Z"}
{"database":"chamasmart","environment":"development","host":"localhost","level":"info","maxConnections":20,"message":"PostgreSQL connected successfully","service":"chamasmart-api","timestamp":"2026-01-08T14:58:08.696Z"}
{"environment":"development","level":"warn","message":"Redis connection failed multiple times. Disabling distributed rate limiting.","service":"chamasmart-api","timestamp":"2026-01-08T15:01:25.875Z"}
{"database":"chamasmart","environment":"development","host":"localhost","level":"info","maxConnections":20,"message":"PostgreSQL connected successfully","service":"chamasmart-api","timestamp":"2026-01-08T15:01:26.285Z"}
{"database":"chamasmart","environment":"development","host":"localhost","level":"info","maxConnections":20,"message":"PostgreSQL connected successfully","service":"chamasmart-api","timestamp":"2026-01-08T15:06:01.048Z"}
{"environment":"development","level":"warn","message":"Redis connection failed multiple times. Disabling distributed rate limiting.","service":"chamasmart-api","timestamp":"2026-01-08T15:06:01.216Z"}
{"environment":"development","level":"warn","message":"Redis connection failed multiple times. Disabling distributed rate limiting.","service":"chamasmart-api","timestamp":"2026-01-08T15:06:41.300Z"}
{"database":"chamasmart","environment":"development","host":"localhost","level":"info","maxConnections":20,"message":"PostgreSQL connected successfully","service":"chamasmart-api","timestamp":"2026-01-08T15:06:41.965Z"}
{"database":"chamasmart","environment":"development","host":"localhost","level":"info","maxConnections":20,"message":"PostgreSQL connected successfully","service":"chamasmart-api","timestamp":"2026-01-08T15:08:05.493Z"}
{"database":"chamasmart","environment":"development","host":"localhost","level":"info","maxConnections":20,"message":"PostgreSQL connected successfully","service":"chamasmart-api","timestamp":"2026-01-08T15:09:37.900Z"}
{"database":"chamasmart","environment":"development","host":"localhost","level":"info","maxConnections":20,"message":"PostgreSQL connected successfully","service":"chamasmart-api","timestamp":"2026-01-08T15:10:33.665Z"}
{"environment":"development","level":"warn","message":"Redis connection failed multiple times. Disabling distributed rate limiting.","service":"chamasmart-api","timestamp":"2026-01-08T15:10:33.894Z"}
{"database":"chamasmart","environment":"development","host":"localhost","level":"info","maxConnections":20,"message":"PostgreSQL connected successfully","service":"chamasmart-api","timestamp":"2026-01-08T15:11:43.327Z"}
{"environment":"development","level":"warn","message":"Redis connection failed multiple times. Disabling distributed rate limiting.","service":"chamasmart-api","timestamp":"2026-01-08T15:11:43.377Z"}
{"database":"chamasmart","environment":"development","host":"localhost","level":"info","maxConnections":20,"message":"PostgreSQL connected successfully","service":"chamasmart-api","timestamp":"2026-01-08T15:15:14.843Z"}
{"environment":"development","level":"warn","message":"Redis connection failed multiple times. Disabling distributed rate limiting.","service":"chamasmart-api","timestamp":"2026-01-08T15:15:15.067Z"}
{"database":"chamasmart","environment":"development","host":"localhost","level":"info","maxConnections":20,"message":"PostgreSQL connected successfully","service":"chamasmart-api","timestamp":"2026-01-08T15:15:34.501Z"}
{"environment":"development","level":"warn","message":"Redis connection failed multiple times. Disabling distributed rate limiting.","service":"chamasmart-api","timestamp":"2026-01-08T15:15:34.736Z"}
{"database":"chamasmart","environment":"development","host":"localhost","level":"info","maxConnections":20,"message":"PostgreSQL connected successfully","service":"chamasmart-api","timestamp":"2026-01-08T15:17:27.517Z"}
{"environment":"development","level":"warn","message":"Redis connection failed multiple times. Disabling distributed rate limiting.","service":"chamasmart-api","timestamp":"2026-01-08T15:17:27.659Z"}
{"database":"chamasmart","environment":"development","host":"localhost","level":"info","maxConnections":20,"message":"PostgreSQL connected successfully","service":"chamasmart-api","timestamp":"2026-01-08T15:18:06.742Z"}
{"database":"chamasmart","environment":"development","host":"localhost","level":"info","maxConnections":20,"message":"PostgreSQL connected successfully","service":"chamasmart-api","timestamp":"2026-01-08T15:18:34.110Z"}
{"database":"chamasmart","environment":"development","host":"localhost","level":"info","maxConnections":20,"message":"PostgreSQL connected successfully","service":"chamasmart-api","timestamp":"2026-01-08T15:20:32.750Z"}
{"environment":"development","level":"warn","message":"Redis connection failed multiple times. Disabling distributed rate limiting.","service":"chamasmart-api","timestamp":"2026-01-08T15:20:32.950Z"}
{"environment":"development","level":"warn","message":"Redis connection failed multiple times. Disabling distributed rate limiting.","service":"chamasmart-api","timestamp":"2026-01-08T16:28:48.963Z"}
{"database":"chamasmart","environment":"development","host":"localhost","level":"info","maxConnections":20,"message":"PostgreSQL connected successfully","service":"chamasmart-api","timestamp":"2026-01-08T16:28:49.219Z"}
{"database":"chamasmart","environment":"development","host":"localhost","level":"info","maxConnections":20,"message":"PostgreSQL connected successfully","service":"chamasmart-api","timestamp":"2026-01-08T16:30:02.516Z"}
{"environment":"development","level":"warn","message":"Redis connection failed multiple times. Disabling distributed rate limiting.","service":"chamasmart-api","timestamp":"2026-01-08T16:30:02.633Z"}
{"database":"chamasmart","environment":"development","host":"localhost","level":"info","maxConnections":20,"message":"PostgreSQL connected successfully","service":"chamasmart-api","timestamp":"2026-01-08T16:34:09.208Z"}
{"environment":"development","level":"warn","message":"Redis connection failed multiple times. Disabling distributed rate limiting.","service":"chamasmart-api","timestamp":"2026-01-08T16:34:09.266Z"}
{"database":"chamasmart","environment":"development","host":"localhost","level":"info","maxConnections":20,"message":"PostgreSQL connected successfully","service":"chamasmart-api","timestamp":"2026-01-08T16:35:57.304Z"}
{"environment":"development","level":"warn","message":"Redis connection failed multiple times. Disabling distributed rate limiting.","service":"chamasmart-api","timestamp":"2026-01-08T16:35:57.342Z"}
{"database":"chamasmart","environment":"development","host":"localhost","level":"info","maxConnections":20,"message":"PostgreSQL connected successfully","service":"chamasmart-api","timestamp":"2026-01-08T16:39:54.184Z"}
{"environment":"development","level":"warn","message":"Redis connection failed multiple times. Disabling distributed rate limiting.","service":"chamasmart-api","timestamp":"2026-01-08T16:39:54.279Z"}
{"environment":"development","level":"warn","message":"Redis connection failed multiple times. Disabling distributed rate limiting.","service":"chamasmart-api","timestamp":"2026-01-08T16:40:20.649Z"}
{"database":"chamasmart","environment":"development","host":"localhost","level":"info","maxConnections":20,"message":"PostgreSQL connected successfully","service":"chamasmart-api","timestamp":"2026-01-08T16:40:21.211Z"}
{"database":"chamasmart","environment":"development","host":"localhost","level":"info","maxConnections":20,"message":"PostgreSQL connected successfully","service":"chamasmart-api","timestamp":"2026-01-08T17:07:10.771Z"}
{"environment":"development","level":"warn","message":"Redis connection failed multiple times. Disabling distributed rate limiting.","service":"chamasmart-api","timestamp":"2026-01-08T17:07:10.941Z"}
{"database":"chamasmart","environment":"development","host":"localhost","level":"info","maxConnections":20,"message":"PostgreSQL connected successfully","service":"chamasmart-api","timestamp":"2026-01-08T17:10:10.505Z"}
{"environment":"development","level":"warn","message":"Redis connection failed multiple times. Disabling distributed rate limiting.","service":"chamasmart-api","timestamp":"2026-01-08T17:10:10.670Z"}
{"database":"chamasmart","environment":"development","host":"localhost","level":"info","maxConnections":20,"message":"PostgreSQL connected successfully","service":"chamasmart-api","timestamp":"2026-01-08T17:17:52.343Z"}
{"environment":"development","level":"warn","message":"Redis connection failed multiple times. Disabling distributed rate limiting.","service":"chamasmart-api","timestamp":"2026-01-08T17:17:52.492Z"}
{"database":"chamasmart","environment":"development","host":"localhost","level":"info","maxConnections":20,"message":"PostgreSQL connected successfully","service":"chamasmart-api","timestamp":"2026-01-08T17:19:30.493Z"}
{"environment":"development","level":"warn","message":"Redis connection failed multiple times. Disabling distributed rate limiting.","service":"chamasmart-api","timestamp":"2026-01-08T17:19:30.740Z"}
{"environment":"development","level":"warn","message":"Redis connection failed multiple times. Disabling distributed rate limiting.","service":"chamasmart-api","timestamp":"2026-01-08T17:22:38.830Z"}
{"database":"chamasmart","environment":"development","host":"localhost","level":"info","maxConnections":20,"message":"PostgreSQL connected successfully","service":"chamasmart-api","timestamp":"2026-01-08T17:22:40.043Z"}
{"database":"chamasmart","environment":"development","host":"localhost","level":"info","maxConnections":20,"message":"PostgreSQL connected successfully","service":"chamasmart-api","timestamp":"2026-01-08T17:23:55.525Z"}
