{"environment":"development","level":"info","message":"WebSocket initialized with JWT security and CORS protection","service":"chamasmart-api","timestamp":"2025-12-29T14:35:41.187Z"}
{"environment":"development","level":"info","message":"Penalty Scheduler initialized","service":"chamasmart-api","timestamp":"2025-12-29T14:35:41.602Z"}
{"environment":"development","level":"info","message":"Server started","nodeVersion":"v24.12.0","pid":12640,"port":"5000","service":"chamasmart-api","timestamp":"2025-12-29T14:35:41.610Z"}
{"environment":"development","level":"info","message":"API URL: http://localhost:5000","service":"chamasmart-api","timestamp":"2025-12-29T14:35:41.611Z"}
{"environment":"development","level":"info","message":"Metrics available at: http://localhost:5000/metrics","service":"chamasmart-api","timestamp":"2025-12-29T14:35:41.611Z"}
{"environment":"development","level":"info","message":"Health check at: http://localhost:5000/api/health","service":"chamasmart-api","timestamp":"2025-12-29T14:35:41.612Z"}
{"database":"chamasmart","environment":"development","host":"localhost","level":"info","maxConnections":20,"message":"PostgreSQL connected successfully","service":"chamasmart-api","timestamp":"2025-12-29T14:35:42.300Z"}
{"environment":"development","level":"info","message":"Starting database migration: 007_performance_optimization","service":"chamasmart-api","timestamp":"2025-12-29T14:49:19.422Z"}
{"environment":"development","level":"info","message":"Found 24 SQL statements to execute","service":"chamasmart-api","timestamp":"2025-12-29T14:49:19.426Z"}
{"database":"chamasmart","environment":"development","host":"localhost","level":"info","maxConnections":20,"message":"PostgreSQL connected successfully","service":"chamasmart-api","timestamp":"2025-12-29T14:49:19.640Z"}
{"environment":"development","level":"info","message":"Created index: idx_loans_approved_by","service":"chamasmart-api","timestamp":"2025-12-29T14:49:20.216Z"}
{"environment":"development","level":"info","message":"Created index: idx_loan_repayments_recorded_by","service":"chamasmart-api","timestamp":"2025-12-29T14:49:20.245Z"}
{"environment":"development","level":"info","message":"Created index: idx_meetings_recorded_by","service":"chamasmart-api","timestamp":"2025-12-29T14:49:20.268Z"}
{"environment":"development","error":"unterminated dollar-quoted string at or near \"$$ LANGUAGE plpgsql\"","level":"error","message":"Database query error","query":"$$ LANGUAGE plpgsql","service":"chamasmart-api","timestamp":"2025-12-29T14:49:20.358Z"}
{"environment":"development","level":"info","message":"Starting database migration: 007_performance_optimization","service":"chamasmart-api","timestamp":"2025-12-29T14:51:24.371Z"}
{"environment":"development","level":"info","message":"Found 24 SQL statements to execute","service":"chamasmart-api","timestamp":"2025-12-29T14:51:24.375Z"}
{"database":"chamasmart","environment":"development","host":"localhost","level":"info","maxConnections":20,"message":"PostgreSQL connected successfully","service":"chamasmart-api","timestamp":"2025-12-29T14:51:24.491Z"}
{"environment":"development","level":"info","message":"Created index: idx_loans_approved_by","service":"chamasmart-api","timestamp":"2025-12-29T14:51:24.502Z"}
{"environment":"development","level":"info","message":"Created index: idx_loan_repayments_recorded_by","service":"chamasmart-api","timestamp":"2025-12-29T14:51:24.505Z"}
{"environment":"development","level":"info","message":"Created index: idx_meetings_recorded_by","service":"chamasmart-api","timestamp":"2025-12-29T14:51:24.507Z"}
{"environment":"development","error":"unterminated dollar-quoted string at or near \"$$ LANGUAGE plpgsql\"","level":"error","message":"Database query error","query":"$$ LANGUAGE plpgsql","service":"chamasmart-api","timestamp":"2025-12-29T14:51:24.511Z"}
{"environment":"development","level":"info","message":"Starting database migration: 007_performance_optimization","service":"chamasmart-api","timestamp":"2025-12-29T14:52:27.942Z"}
{"database":"chamasmart","environment":"development","host":"localhost","level":"info","maxConnections":20,"message":"PostgreSQL connected successfully","service":"chamasmart-api","timestamp":"2025-12-29T14:52:28.068Z"}
{"environment":"development","error":"CREATE INDEX CONCURRENTLY cannot run inside a transaction block","level":"error","message":"Database query error","query":"-- ChamaSmart Phase 2: Advanced Performance Indexes\r\n-- This migration adds composite indexes, partial indexes, and optimizations\r\n-- for handling billions of records with sub-100ms response times\r\n\r\n","service":"chamasmart-api","timestamp":"2025-12-29T14:52:28.147Z"}
